<?xml version="1.0" encoding="UTF-8"?>
<!-- Generated by org.testng.reporters.JUnitReportReporter -->
<testsuite hostname="eshwaran" failures="0" tests="2" name="Selenium_Automate.Selenium_Project.AppTest" time="33.829" errors="0" timestamp="2025-08-17T15:02:45 IST" skipped="0">
  <testcase classname="Selenium_Automate.Selenium_Project.AppTest" name="searchProduct" time="14.118"/>
  <system-out/>
  <testcase classname="Selenium_Automate.Selenium_Project.AppTest" name="buyProduct" time="19.711"/>
  <system-out/>
</testsuite> <!-- Selenium_Automate.Selenium_Project.AppTest -->
